<?xml version="1.0" encoding="UTF-8"?>
<!-- Generated by org.testng.reporters.JUnitXMLReporter -->
<testsuite hostname="MITHUN-PC" name="Test" tests="2" failures="2" timestamp="26 Nov 2019 15:27:09 GMT" time="110.573" errors="0">
  <testcase name="feature" time="71.951" classname="runner.RunCuke">
    <failure type="cucumber.runtime.CucumberException" message="java.lang.AssertionError: expected [Bmw 1 Series nder 1000 for Sale Far West NSW | carsguide] but found [Bmw 1 Series Under 1000 for Sale Far West NSW | carsguide]">
      <![CDATA[cucumber.runtime.CucumberException: java.lang.AssertionError: expected [Bmw 1 Series nder 1000 for Sale Far West NSW | carsguide] but found [Bmw 1 Series Under 1000 for Sale Far West NSW | carsguide]
	at cucumber.api.testng.TestNGCucumberRunner.runCucumber(TestNGCucumberRunner.java:69)
	at cucumber.api.testng.AbstractTestNGCucumberTests.feature(AbstractTestNGCucumberTests.java:21)
Caused by: java.lang.AssertionError: expected [Bmw 1 Series nder 1000 for Sale Far West NSW | carsguide] but found [Bmw 1 Series Under 1000 for Sale Far West NSW | carsguide]
	at steps.SearchCarsSteps.the_page_title_should_be(SearchCarsSteps.java:70)
	at ✽.And the page title should be "Bmw 1 Series nder 1000 for Sale Far West NSW | carsguide"(searchCars.feature:19)
... Removed 30 stack frames]]>
    </failure>
  </testcase> <!-- feature -->
  <testcase name="feature" time="37.983" classname="runner.RunCuke">
    <failure type="cucumber.runtime.CucumberException" message="java.lang.AssertionError: expected [Used Audi A4 Under 2000 for Sale | carsguide] but found [Used Audi A4 Under 2000 for Sale NSW | carsguide]">
      <![CDATA[cucumber.runtime.CucumberException: java.lang.AssertionError: expected [Used Audi A4 Under 2000 for Sale | carsguide] but found [Used Audi A4 Under 2000 for Sale NSW | carsguide]
	at cucumber.api.testng.TestNGCucumberRunner.runCucumber(TestNGCucumberRunner.java:69)
	at cucumber.api.testng.AbstractTestNGCucumberTests.feature(AbstractTestNGCucumberTests.java:21)
Caused by: java.lang.AssertionError: expected [Used Audi A4 Under 2000 for Sale | carsguide] but found [Used Audi A4 Under 2000 for Sale NSW | carsguide]
	at steps.UsedCarsSteps.the_page_title_should_be_in_used_cars_page(UsedCarsSteps.java:57)
	at ✽.And the page title should be "Used Audi A4 Under 2000 for Sale | carsguide"  in used cars page(usedCars.feature:22)
... Removed 30 stack frames]]>
    </failure>
  </testcase> <!-- feature -->
</testsuite> <!-- Test -->
