<?xml version="1.0" encoding="UTF-8"?>
<testsuite xmlns:xsi="http://www.w3.org/2001/XMLSchema-instance" xsi:noNamespaceSchemaLocation="https://maven.apache.org/surefire/maven-surefire-plugin/xsd/surefire-test-report-3.0.xsd" version="3.0" name="TestSuite" time="121.852" tests="2" errors="0" skipped="0" failures="1">
  <properties>
    <property name="sun.desktop" value="windows"/>
    <property name="awt.toolkit" value="sun.awt.windows.WToolkit"/>
    <property name="file.encoding.pkg" value="sun.io"/>
    <property name="java.specification.version" value="1.8"/>
    <property name="sun.cpu.isalist" value="amd64"/>
    <property name="sun.jnu.encoding" value="Cp1252"/>
    <property name="java.class.path" value="E:\Java_code\cucumberPageObjects\target\test-classes;E:\Java_code\cucumberPageObjects\target\classes;C:\Users\MITHUN\.m2\repository\junit\junit\3.8.1\junit-3.8.1.jar;C:\Users\MITHUN\.m2\repository\info\cukes\cucumber-testng\1.2.5\cucumber-testng-1.2.5.jar;C:\Users\MITHUN\.m2\repository\org\testng\testng\6.9.10\testng-6.9.10.jar;C:\Users\MITHUN\.m2\repository\com\beust\jcommander\1.48\jcommander-1.48.jar;C:\Users\MITHUN\.m2\repository\org\beanshell\bsh\2.0b4\bsh-2.0b4.jar;C:\Users\MITHUN\.m2\repository\info\cukes\cucumber-java\1.2.5\cucumber-java-1.2.5.jar;C:\Users\MITHUN\.m2\repository\info\cukes\cucumber-core\1.2.5\cucumber-core-1.2.5.jar;C:\Users\MITHUN\.m2\repository\info\cukes\cucumber-html\0.2.3\cucumber-html-0.2.3.jar;C:\Users\MITHUN\.m2\repository\info\cukes\cucumber-jvm-deps\1.0.5\cucumber-jvm-deps-1.0.5.jar;C:\Users\MITHUN\.m2\repository\info\cukes\gherkin\2.12.2\gherkin-2.12.2.jar;C:\Users\MITHUN\.m2\repository\info\cukes\cucumber-picocontainer\1.2.5\cucumber-picocontainer-1.2.5.jar;C:\Users\MITHUN\.m2\repository\org\picocontainer\picocontainer\2.15\picocontainer-2.15.jar;C:\Users\MITHUN\.m2\repository\org\seleniumhq\selenium\selenium-java\3.141.59\selenium-java-3.141.59.jar;C:\Users\MITHUN\.m2\repository\org\seleniumhq\selenium\selenium-api\3.141.59\selenium-api-3.141.59.jar;C:\Users\MITHUN\.m2\repository\org\seleniumhq\selenium\selenium-chrome-driver\3.141.59\selenium-chrome-driver-3.141.59.jar;C:\Users\MITHUN\.m2\repository\org\seleniumhq\selenium\selenium-edge-driver\3.141.59\selenium-edge-driver-3.141.59.jar;C:\Users\MITHUN\.m2\repository\org\seleniumhq\selenium\selenium-firefox-driver\3.141.59\selenium-firefox-driver-3.141.59.jar;C:\Users\MITHUN\.m2\repository\org\seleniumhq\selenium\selenium-ie-driver\3.141.59\selenium-ie-driver-3.141.59.jar;C:\Users\MITHUN\.m2\repository\org\seleniumhq\selenium\selenium-opera-driver\3.141.59\selenium-opera-driver-3.141.59.jar;C:\Users\MITHUN\.m2\repository\org\seleniumhq\selenium\selenium-remote-driver\3.141.59\selenium-remote-driver-3.141.59.jar;C:\Users\MITHUN\.m2\repository\org\seleniumhq\selenium\selenium-safari-driver\3.141.59\selenium-safari-driver-3.141.59.jar;C:\Users\MITHUN\.m2\repository\org\seleniumhq\selenium\selenium-support\3.141.59\selenium-support-3.141.59.jar;C:\Users\MITHUN\.m2\repository\net\bytebuddy\byte-buddy\1.8.15\byte-buddy-1.8.15.jar;C:\Users\MITHUN\.m2\repository\org\apache\commons\commons-exec\1.3\commons-exec-1.3.jar;C:\Users\MITHUN\.m2\repository\com\google\guava\guava\25.0-jre\guava-25.0-jre.jar;C:\Users\MITHUN\.m2\repository\com\google\code\findbugs\jsr305\1.3.9\jsr305-1.3.9.jar;C:\Users\MITHUN\.m2\repository\org\checkerframework\checker-compat-qual\2.0.0\checker-compat-qual-2.0.0.jar;C:\Users\MITHUN\.m2\repository\com\google\errorprone\error_prone_annotations\2.1.3\error_prone_annotations-2.1.3.jar;C:\Users\MITHUN\.m2\repository\com\google\j2objc\j2objc-annotations\1.1\j2objc-annotations-1.1.jar;C:\Users\MITHUN\.m2\repository\org\codehaus\mojo\animal-sniffer-annotations\1.14\animal-sniffer-annotations-1.14.jar;C:\Users\MITHUN\.m2\repository\com\squareup\okhttp3\okhttp\3.11.0\okhttp-3.11.0.jar;C:\Users\MITHUN\.m2\repository\com\squareup\okio\okio\1.14.0\okio-1.14.0.jar;C:\Users\MITHUN\.m2\repository\com\vimalselvam\cucumber-extentsreport\1.1.0\cucumber-extentsreport-1.1.0.jar;C:\Users\MITHUN\.m2\repository\com\relevantcodes\extentreports\2.41.0\extentreports-2.41.0.jar;C:\Users\MITHUN\.m2\repository\org\jsoup\jsoup\1.8.3\jsoup-1.8.3.jar;C:\Users\MITHUN\.m2\repository\org\xerial\sqlite-jdbc\3.8.11.1\sqlite-jdbc-3.8.11.1.jar;C:\Users\MITHUN\.m2\repository\org\freemarker\freemarker\2.3.23\freemarker-2.3.23.jar;C:\Users\MITHUN\.m2\repository\org\mongodb\mongodb-driver\3.0.4\mongodb-driver-3.0.4.jar;C:\Users\MITHUN\.m2\repository\org\mongodb\bson\3.0.4\bson-3.0.4.jar;C:\Users\MITHUN\.m2\repository\org\mongodb\mongodb-driver-core\3.0.4\mongodb-driver-core-3.0.4.jar;C:\Users\MITHUN\.m2\repository\org\apache\directory\studio\org.apache.commons.codec\1.8\org.apache.commons.codec-1.8.jar;C:\Users\MITHUN\.m2\repository\commons-codec\commons-codec\1.8\commons-codec-1.8.jar;"/>
    <property name="java.vm.vendor" value="Oracle Corporation"/>
    <property name="sun.arch.data.model" value="64"/>
    <property name="user.variant" value=""/>
    <property name="java.vendor.url" value="http://java.oracle.com/"/>
    <property name="user.timezone" value="Asia/Calcutta"/>
    <property name="java.vm.specification.version" value="1.8"/>
    <property name="os.name" value="Windows 7"/>
    <property name="user.country" value="US"/>
    <property name="sun.java.launcher" value="SUN_STANDARD"/>
    <property name="sun.boot.library.path" value="C:\Program Files\Java\jre1.8.0_231\bin"/>
    <property name="sun.java.command" value="C:\Users\MITHUN\AppData\Local\Temp\surefire2514397313363891505\surefirebooter5983164387203957497.jar C:\Users\MITHUN\AppData\Local\Temp\surefire2514397313363891505 2019-11-29T10-06-47_432-jvmRun1 surefire6483199974294946019tmp surefire_03991558886098072379tmp"/>
    <property name="surefire.test.class.path" value="E:\Java_code\cucumberPageObjects\target\test-classes;E:\Java_code\cucumberPageObjects\target\classes;C:\Users\MITHUN\.m2\repository\junit\junit\3.8.1\junit-3.8.1.jar;C:\Users\MITHUN\.m2\repository\info\cukes\cucumber-testng\1.2.5\cucumber-testng-1.2.5.jar;C:\Users\MITHUN\.m2\repository\org\testng\testng\6.9.10\testng-6.9.10.jar;C:\Users\MITHUN\.m2\repository\com\beust\jcommander\1.48\jcommander-1.48.jar;C:\Users\MITHUN\.m2\repository\org\beanshell\bsh\2.0b4\bsh-2.0b4.jar;C:\Users\MITHUN\.m2\repository\info\cukes\cucumber-java\1.2.5\cucumber-java-1.2.5.jar;C:\Users\MITHUN\.m2\repository\info\cukes\cucumber-core\1.2.5\cucumber-core-1.2.5.jar;C:\Users\MITHUN\.m2\repository\info\cukes\cucumber-html\0.2.3\cucumber-html-0.2.3.jar;C:\Users\MITHUN\.m2\repository\info\cukes\cucumber-jvm-deps\1.0.5\cucumber-jvm-deps-1.0.5.jar;C:\Users\MITHUN\.m2\repository\info\cukes\gherkin\2.12.2\gherkin-2.12.2.jar;C:\Users\MITHUN\.m2\repository\info\cukes\cucumber-picocontainer\1.2.5\cucumber-picocontainer-1.2.5.jar;C:\Users\MITHUN\.m2\repository\org\picocontainer\picocontainer\2.15\picocontainer-2.15.jar;C:\Users\MITHUN\.m2\repository\org\seleniumhq\selenium\selenium-java\3.141.59\selenium-java-3.141.59.jar;C:\Users\MITHUN\.m2\repository\org\seleniumhq\selenium\selenium-api\3.141.59\selenium-api-3.141.59.jar;C:\Users\MITHUN\.m2\repository\org\seleniumhq\selenium\selenium-chrome-driver\3.141.59\selenium-chrome-driver-3.141.59.jar;C:\Users\MITHUN\.m2\repository\org\seleniumhq\selenium\selenium-edge-driver\3.141.59\selenium-edge-driver-3.141.59.jar;C:\Users\MITHUN\.m2\repository\org\seleniumhq\selenium\selenium-firefox-driver\3.141.59\selenium-firefox-driver-3.141.59.jar;C:\Users\MITHUN\.m2\repository\org\seleniumhq\selenium\selenium-ie-driver\3.141.59\selenium-ie-driver-3.141.59.jar;C:\Users\MITHUN\.m2\repository\org\seleniumhq\selenium\selenium-opera-driver\3.141.59\selenium-opera-driver-3.141.59.jar;C:\Users\MITHUN\.m2\repository\org\seleniumhq\selenium\selenium-remote-driver\3.141.59\selenium-remote-driver-3.141.59.jar;C:\Users\MITHUN\.m2\repository\org\seleniumhq\selenium\selenium-safari-driver\3.141.59\selenium-safari-driver-3.141.59.jar;C:\Users\MITHUN\.m2\repository\org\seleniumhq\selenium\selenium-support\3.141.59\selenium-support-3.141.59.jar;C:\Users\MITHUN\.m2\repository\net\bytebuddy\byte-buddy\1.8.15\byte-buddy-1.8.15.jar;C:\Users\MITHUN\.m2\repository\org\apache\commons\commons-exec\1.3\commons-exec-1.3.jar;C:\Users\MITHUN\.m2\repository\com\google\guava\guava\25.0-jre\guava-25.0-jre.jar;C:\Users\MITHUN\.m2\repository\com\google\code\findbugs\jsr305\1.3.9\jsr305-1.3.9.jar;C:\Users\MITHUN\.m2\repository\org\checkerframework\checker-compat-qual\2.0.0\checker-compat-qual-2.0.0.jar;C:\Users\MITHUN\.m2\repository\com\google\errorprone\error_prone_annotations\2.1.3\error_prone_annotations-2.1.3.jar;C:\Users\MITHUN\.m2\repository\com\google\j2objc\j2objc-annotations\1.1\j2objc-annotations-1.1.jar;C:\Users\MITHUN\.m2\repository\org\codehaus\mojo\animal-sniffer-annotations\1.14\animal-sniffer-annotations-1.14.jar;C:\Users\MITHUN\.m2\repository\com\squareup\okhttp3\okhttp\3.11.0\okhttp-3.11.0.jar;C:\Users\MITHUN\.m2\repository\com\squareup\okio\okio\1.14.0\okio-1.14.0.jar;C:\Users\MITHUN\.m2\repository\com\vimalselvam\cucumber-extentsreport\1.1.0\cucumber-extentsreport-1.1.0.jar;C:\Users\MITHUN\.m2\repository\com\relevantcodes\extentreports\2.41.0\extentreports-2.41.0.jar;C:\Users\MITHUN\.m2\repository\org\jsoup\jsoup\1.8.3\jsoup-1.8.3.jar;C:\Users\MITHUN\.m2\repository\org\xerial\sqlite-jdbc\3.8.11.1\sqlite-jdbc-3.8.11.1.jar;C:\Users\MITHUN\.m2\repository\org\freemarker\freemarker\2.3.23\freemarker-2.3.23.jar;C:\Users\MITHUN\.m2\repository\org\mongodb\mongodb-driver\3.0.4\mongodb-driver-3.0.4.jar;C:\Users\MITHUN\.m2\repository\org\mongodb\bson\3.0.4\bson-3.0.4.jar;C:\Users\MITHUN\.m2\repository\org\mongodb\mongodb-driver-core\3.0.4\mongodb-driver-core-3.0.4.jar;C:\Users\MITHUN\.m2\repository\org\apache\directory\studio\org.apache.commons.codec\1.8\org.apache.commons.codec-1.8.jar;C:\Users\MITHUN\.m2\repository\commons-codec\commons-codec\1.8\commons-codec-1.8.jar;"/>
    <property name="sun.cpu.endian" value="little"/>
    <property name="user.home" value="C:\Users\MITHUN"/>
    <property name="user.language" value="en"/>
    <property name="java.specification.vendor" value="Oracle Corporation"/>
    <property name="java.home" value="C:\Program Files\Java\jre1.8.0_231"/>
    <property name="basedir" value="E:\Java_code\cucumberPageObjects"/>
    <property name="file.separator" value="\"/>
    <property name="line.separator" value="&#10;"/>
    <property name="java.vm.specification.vendor" value="Oracle Corporation"/>
    <property name="java.specification.name" value="Java Platform API Specification"/>
    <property name="java.awt.graphicsenv" value="sun.awt.Win32GraphicsEnvironment"/>
    <property name="surefire.real.class.path" value="C:\Users\MITHUN\AppData\Local\Temp\surefire2514397313363891505\surefirebooter5983164387203957497.jar"/>
    <property name="sun.boot.class.path" value="C:\Program Files\Java\jre1.8.0_231\lib\resources.jar;C:\Program Files\Java\jre1.8.0_231\lib\rt.jar;C:\Program Files\Java\jre1.8.0_231\lib\sunrsasign.jar;C:\Program Files\Java\jre1.8.0_231\lib\jsse.jar;C:\Program Files\Java\jre1.8.0_231\lib\jce.jar;C:\Program Files\Java\jre1.8.0_231\lib\charsets.jar;C:\Program Files\Java\jre1.8.0_231\lib\jfr.jar;C:\Program Files\Java\jre1.8.0_231\classes"/>
    <property name="user.script" value=""/>
    <property name="sun.management.compiler" value="HotSpot 64-Bit Tiered Compilers"/>
    <property name="java.runtime.version" value="1.8.0_231-b11"/>
    <property name="user.name" value="MITHUN"/>
    <property name="path.separator" value=";"/>
    <property name="os.version" value="6.1"/>
    <property name="java.endorsed.dirs" value="C:\Program Files\Java\jre1.8.0_231\lib\endorsed"/>
    <property name="java.runtime.name" value="Java(TM) SE Runtime Environment"/>
    <property name="file.encoding" value="Cp1252"/>
    <property name="java.vm.name" value="Java HotSpot(TM) 64-Bit Server VM"/>
    <property name="localRepository" value="C:\Users\MITHUN\.m2\repository"/>
    <property name="java.vendor.url.bug" value="http://bugreport.sun.com/bugreport/"/>
    <property name="java.io.tmpdir" value="C:\Users\MITHUN\AppData\Local\Temp\"/>
    <property name="java.version" value="1.8.0_231"/>
    <property name="user.dir" value="E:\Java_code\cucumberPageObjects"/>
    <property name="os.arch" value="amd64"/>
    <property name="java.vm.specification.name" value="Java Virtual Machine Specification"/>
    <property name="java.awt.printerjob" value="sun.awt.windows.WPrinterJob"/>
    <property name="sun.os.patch.level" value="Service Pack 1"/>
    <property name="java.library.path" value="C:\Program Files\Java\jre1.8.0_231\bin;C:\Windows\Sun\Java\bin;C:\Windows\system32;C:\Windows;C:\Users\MITHUN\.jenkins\tools\hudson.tasks.Maven_MavenInstallation\TestMaven/bin;C:\Program Files (x86)\Common Files\Oracle\Java\javapath;C:\Program Files\AdoptOpenJDK\jdk8u202-b08\bin;C:\Windows\system32;C:\Windows;C:\Windows\System32\Wbem;C:\Windows\System32\WindowsPowerShell\v1.0\;C:\Program Files (x86)\Intel\OpenCL SDK\2.0\bin\x86;C:\Program Files (x86)\Intel\OpenCL SDK\2.0\bin\x64;C:\Program Files\AdoptOpenJDK\jdk8u202-b08\bin;D:\Testing_Documents\apache-maven-3.6.0\bin;C:\Program Files\Microsoft SQL Server\120\Tools\Binn\;C:\Program Files\Common Files\Autodesk Shared\;D:\Testing_Material\apache-maven-3.6.0\bin;C:\Users\MITHUN\AppData\Local\Programs\Microsoft VS Code\bin;C:\Program Files\Java\jdk1.8.0_231\bin;;."/>
    <property name="java.vm.info" value="mixed mode"/>
    <property name="java.vendor" value="Oracle Corporation"/>
    <property name="java.vm.version" value="25.231-b11"/>
    <property name="java.ext.dirs" value="C:\Program Files\Java\jre1.8.0_231\lib\ext;C:\Windows\Sun\Java\lib\ext"/>
    <property name="sun.io.unicode.encoding" value="UnicodeLittle"/>
    <property name="java.class.version" value="52.0"/>
  </properties>
  <testcase name="feature" classname="runner.RunCuke" time="88.936">
    <failure message="java.lang.AssertionError: expected [Bmw 1 Series nder 1000 for Sale Far West NSW | carsguide] but found [Bmw 1 Series Under 1000 for Sale Far West NSW | carsguide]" type="cucumber.runtime.CucumberException">cucumber.runtime.CucumberException: java.lang.AssertionError: expected [Bmw 1 Series nder 1000 for Sale Far West NSW | carsguide] but found [Bmw 1 Series Under 1000 for Sale Far West NSW | carsguide]
Caused by: java.lang.AssertionError: expected [Bmw 1 Series nder 1000 for Sale Far West NSW | carsguide] but found [Bmw 1 Series Under 1000 for Sale Far West NSW | carsguide]
</failure>
    <system-out><![CDATA[@Search-Cars
Feature: Title of your feature
  I want to use this template for my feature file
Before
Menu selected: Buy sale
car list found
true

  @Search-Cars-Positive
  Scenario: Validate search cars page                                                       &amp#27;[90m# searchCars.feature:6&amp#27;[0m
    &amp#27;[32mGiven &amp#27;[0m&amp#27;[32mI am on the home page "&amp#27;[0m&amp#27;[32m&amp#27;[1mhttps://www.carsguide.com.au/&amp#27;[0m&amp#27;[32m" of carsGuide Website&amp#27;[0m        &amp#27;[90m# SearchCarsSteps.i_am_on_the_home_page_of_carsGuide_Website(String)&amp#27;[0m
    &amp#27;[32mWhen &amp#27;[0m&amp#27;[32mI move to Menu&amp#27;[0m                                                                     &amp#27;[90m# SearchCarsSteps.i_move_to_Menu(String>)&amp#27;[0m
    &amp#27;[32mThen &amp#27;[0m&amp#27;[32mI click on "&amp#27;[0m&amp#27;[32m&amp#27;[1mSearch cars&amp#27;[0m&amp#27;[32m" link&amp#27;[0m                                                      &amp#27;[90m# SearchCarsSteps.i_click_on_link(String)&amp#27;[0m
    &amp#27;[32mAnd &amp#27;[0m&amp#27;[32mI select carbrand as "&amp#27;[0m&amp#27;[32m&amp#27;[1mBMW&amp#27;[0m&amp#27;[32m" from AnyMake dropdown&amp#27;[0m                                    &amp#27;[90m# SearchCarsSteps.i_select_carbrand_as_from_AnyMake_dropdown(String)&amp#27;[0m
    &amp#27;[32mAnd &amp#27;[0m&amp#27;[32mI select carmodel as "&amp#27;[0m&amp#27;[32m&amp#27;[1m1 Series&amp#27;[0m&amp#27;[32m" from selectModel dropDown&amp#27;[0m                           &amp#27;[90m# SearchCarsSteps.i_select_carmodel_as_from_selectModel_dropDown(String)&amp#27;[0m
    &amp#27;[32mAnd &amp#27;[0m&amp#27;[32mI select location as "&amp#27;[0m&amp#27;[32m&amp#27;[1mNSW - Far West&amp#27;[0m&amp#27;[32m" from select location dropDown&amp#27;[0m                 &amp#27;[90m# SearchCarsSteps.i_select_location_as_from_select_location_dropDown(String)&amp#27;[0m
    &amp#27;[32mAnd &amp#27;[0m&amp#27;[32mI select price as "&amp#27;[0m&amp#27;[32m&amp#27;[1m$1,000&amp#27;[0m&amp#27;[32m" from price  dropDown&amp#27;[0m                                     &amp#27;[90m# SearchCarsSteps.i_select_price_as_from_price_dropDown(String)&amp#27;[0m
    &amp#27;[32mAnd &amp#27;[0m&amp#27;[32mI click on "&amp#27;[0m&amp#27;[32m&amp#27;[1mFind_My_Next_car&amp#27;[0m&amp#27;[32m" button&amp#27;[0m                                                &amp#27;[90m# SearchCarsSteps.i_click_on_button(String)&amp#27;[0m
    &amp#27;[32mThen &amp#27;[0m&amp#27;[32mI should see list of searched cars&amp#27;[0m                                                 &amp#27;[90m# SearchCarsSteps.i_should_see_list_of_searched_cars()&amp#27;[0m
    &amp#27;[31mAnd &amp#27;[0m&amp#27;[31mthe page title should be "&amp#27;[0m&amp#27;[31m&amp#27;[1mBmw 1 Series nder 1000 for Sale Far West NSW | carsguide&amp#27;[0m&amp#27;[31m"&amp#27;[0m &amp#27;[90m# SearchCarsSteps.the_page_title_should_be(String)&amp#27;[0m
      &amp#27;[31mjava.lang.AssertionError: expected [Bmw 1 Series nder 1000 for Sale Far West NSW | carsguide] but found [Bmw 1 Series Under 1000 for Sale Far West NSW | carsguide]
      	at org.testng.Assert.fail(Assert.java:94)
      	at org.testng.Assert.failNotEquals(Assert.java:513)
      	at org.testng.Assert.assertEqualsImpl(Assert.java:135)
      	at org.testng.Assert.assertEquals(Assert.java:116)
      	at org.testng.Assert.assertEquals(Assert.java:190)
      	at org.testng.Assert.assertEquals(Assert.java:200)
      	at steps.SearchCarsSteps.the_page_title_should_be(SearchCarsSteps.java:70)
      	at ?.And the page title should be "Bmw 1 Series nder 1000 for Sale Far West NSW | carsguide"(searchCars.feature:19)
      &amp#27;[0m
]]></system-out>
    <system-err><![CDATA[Starting ChromeDriver 78.0.3904.105 (60e2d8774a8151efa6a00b1f358371b1e0e07ee2-refs/branch-heads/3904@{#877}) on port 17634
Only local connections are allowed.
Please protect ports used by ChromeDriver and related test frameworks to prevent access by malicious code.
Nov 29, 2019 10:07:10 AM org.openqa.selenium.remote.ProtocolHandshake createSession
INFO: Detected dialect: W3C
]]></system-err>
  </testcase>
  <testcase name="feature" classname="runner.RunCuke" time="31.601"/>
</testsuite>