<?xml version="1.0" encoding="UTF-8"?>
<!-- Generated by org.testng.reporters.JUnitXMLReporter -->
<testsuite hostname="MITHUN-PC" name="Test" tests="2" failures="1" timestamp="29 Nov 2019 04:38:51 GMT" time="121.289" errors="0">
  <testcase name="feature" time="88.907" classname="runner.RunCuke">
    <failure type="cucumber.runtime.CucumberException" message="java.lang.AssertionError: expected [Bmw 1 Series nder 1000 for Sale Far West NSW | carsguide] but found [Bmw 1 Series Under 1000 for Sale Far West NSW | carsguide]">
      <![CDATA[cucumber.runtime.CucumberException: java.lang.AssertionError: expected [Bmw 1 Series nder 1000 for Sale Far West NSW | carsguide] but found [Bmw 1 Series Under 1000 for Sale Far West NSW | carsguide]
	at cucumber.api.testng.TestNGCucumberRunner.runCucumber(TestNGCucumberRunner.java:69)
	at cucumber.api.testng.AbstractTestNGCucumberTests.feature(AbstractTestNGCucumberTests.java:21)
Caused by: java.lang.AssertionError: expected [Bmw 1 Series nder 1000 for Sale Far West NSW | carsguide] but found [Bmw 1 Series Under 1000 for Sale Far West NSW | carsguide]
	at steps.SearchCarsSteps.the_page_title_should_be(SearchCarsSteps.java:70)
	at âœ½.And the page title should be "Bmw 1 Series nder 1000 for Sale Far West NSW | carsguide"(searchCars.feature:19)
... Removed 34 stack frames]]>
    </failure>
  </testcase> <!-- feature -->
  <testcase name="feature" time="31.598" classname="runner.RunCuke"/>
</testsuite> <!-- Test -->
